<?xml version="1.0" encoding="UTF-8"?>
<robot generator="Robot 7.1.1 (Python 3.13.0 on win32)" generated="2024-12-25T18:40:12.833945" rpa="false" schemaversion="5">
<suite id="s1" name="08 Frames" source="C:\development\CourseProject\Tests\08_Frames.robot">
<test id="s1-t1" name="Verify the frame is selected" line="16">
<kw name="Open Browser" owner="SeleniumLibrary">
<msg time="2024-12-25T18:40:13.924590" level="INFO">Opening browser 'Chrome' to base url 'https://www.w3schools.com/js/tryit.asp?filename=tryjs_alert'.</msg>
<arg>${URL}</arg>
<arg>${BROWSER}</arg>
<doc>Opens a new browser instance to the optional ``url``.</doc>
<status status="PASS" start="2024-12-25T18:40:13.924019" elapsed="6.715930"/>
</kw>
<kw name="Maximize Browser Window" owner="SeleniumLibrary">
<doc>Maximizes current browser window.</doc>
<status status="PASS" start="2024-12-25T18:40:20.734183" elapsed="0.474475"/>
</kw>
<kw name="Sleep" owner="BuiltIn">
<msg time="2024-12-25T18:40:23.214599" level="INFO">Slept 2 seconds.</msg>
<arg>2s</arg>
<doc>Pauses the test executed for the given time.</doc>
<status status="PASS" start="2024-12-25T18:40:21.213455" elapsed="2.001916"/>
</kw>
<kw name="Click Element" owner="SeleniumLibrary">
<msg time="2024-12-25T18:40:23.220584" level="INFO">Clicking element 'accept-choices'.</msg>
<arg>accept-choices</arg>
<doc>Click the element identified by ``locator``.</doc>
<status status="PASS" start="2024-12-25T18:40:23.219530" elapsed="0.595589"/>
</kw>
<kw name="Select Frame" owner="SeleniumLibrary">
<msg time="2024-12-25T18:40:23.872434" level="INFO">Selecting frame 'id=iframeResult'.</msg>
<arg>id=iframeResult</arg>
<doc>Sets frame identified by ``locator`` as the current frame.</doc>
<status status="PASS" start="2024-12-25T18:40:23.872014" elapsed="17.004838"/>
</kw>
<kw name="Sleep" owner="BuiltIn">
<msg time="2024-12-25T18:40:41.878396" level="INFO">Slept 1 second.</msg>
<arg>1s</arg>
<doc>Pauses the test executed for the given time.</doc>
<status status="PASS" start="2024-12-25T18:40:40.877393" elapsed="1.002495"/>
</kw>
<kw name="Click Button" owner="SeleniumLibrary">
<msg time="2024-12-25T18:40:41.887167" level="INFO">Clicking button 'Try it'.</msg>
<arg>Try it</arg>
<doc>Clicks the button identified by ``locator``.</doc>
<status status="PASS" start="2024-12-25T18:40:41.886792" elapsed="0.313455"/>
</kw>
<kw name="Sleep" owner="BuiltIn">
<msg time="2024-12-25T18:40:44.201373" level="INFO">Slept 2 seconds.</msg>
<arg>2s</arg>
<doc>Pauses the test executed for the given time.</doc>
<status status="PASS" start="2024-12-25T18:40:42.200766" elapsed="2.000841"/>
</kw>
<kw name="Close All Browsers" owner="SeleniumLibrary">
<doc>Closes all open browsers and resets the browser cache.</doc>
<status status="PASS" start="2024-12-25T18:40:44.203093" elapsed="11.190108"/>
</kw>
<doc>This test case shows how to verify a frame</doc>
<tag>1008</tag>
<tag>frame</tag>
<status status="PASS" start="2024-12-25T18:40:13.921895" elapsed="41.474884"/>
</test>
<status status="PASS" start="2024-12-25T18:40:12.835711" elapsed="42.565201"/>
</suite>
<statistics>
<total>
<stat pass="1" fail="0" skip="0">All Tests</stat>
</total>
<tag>
<stat pass="1" fail="0" skip="0">1008</stat>
<stat pass="1" fail="0" skip="0">frame</stat>
</tag>
<suite>
<stat pass="1" fail="0" skip="0" id="s1" name="08 Frames">08 Frames</stat>
</suite>
</statistics>
<errors>
</errors>
</robot>
