<?xml version="1.0" encoding="UTF-8"?>
<robot generator="Robot 7.1.1 (Python 3.13.0 on win32)" generated="2024-11-30T17:38:52.908008" rpa="false" schemaversion="5">
<suite id="s1" name="Demo Test" source="C:\development\CourseProject\Tests\Demo_Test.robot">
<test id="s1-t1" name="Get the usernames" line="13">
<kw name="Begin web test">
<kw name="Open Browser" owner="SeleniumLibrary">
<msg time="2024-11-30T17:38:53.223154" level="INFO">Opening browser 'chrome' to base url 'about:blank'.</msg>
<arg>about:blank</arg>
<arg>${BROWSER}</arg>
<doc>Opens a new browser instance to the optional ``url``.</doc>
<status status="PASS" start="2024-11-30T17:38:53.222916" elapsed="1.974357"/>
</kw>
<kw name="Maximize Browser Window" owner="SeleniumLibrary">
<doc>Maximizes current browser window.</doc>
<status status="PASS" start="2024-11-30T17:38:55.197650" elapsed="0.152012"/>
</kw>
<status status="PASS" start="2024-11-30T17:38:53.222176" elapsed="2.127682"/>
</kw>
<kw name="Navigate to the website">
<kw name="Go To" owner="SeleniumLibrary">
<msg time="2024-11-30T17:38:55.354842" level="INFO">Opening url 'https://www.saucedemo.com/'</msg>
<arg>${URL}</arg>
<doc>Navigates the current browser window to the provided ``url``.</doc>
<status status="PASS" start="2024-11-30T17:38:55.354551" elapsed="0.477249"/>
</kw>
<status status="PASS" start="2024-11-30T17:38:55.353997" elapsed="0.478370"/>
</kw>
<kw name="Get the users and password">
<kw name="Get Text" owner="SeleniumLibrary">
<msg time="2024-11-30T17:38:55.928135" level="INFO">${users} = Accepted usernames are:
standard_user
locked_out_user
problem_user
performance_glitch_user
error_user
visual_user</msg>
<var>${users}</var>
<arg>login_credentials</arg>
<doc>Returns the text value of the element identified by ``locator``.</doc>
<status status="PASS" start="2024-11-30T17:38:55.839872" elapsed="0.088358"/>
</kw>
<kw name="Get Text" owner="SeleniumLibrary">
<msg time="2024-11-30T17:38:55.981801" level="INFO">${password} = Password for all users:
secret_sauce</msg>
<var>${password}</var>
<arg>css=div.login_password</arg>
<doc>Returns the text value of the element identified by ``locator``.</doc>
<status status="PASS" start="2024-11-30T17:38:55.928567" elapsed="0.053342"/>
</kw>
<kw name="Log Many" owner="BuiltIn">
<msg time="2024-11-30T17:38:55.982618" level="INFO">Accepted usernames are:
standard_user
locked_out_user
problem_user
performance_glitch_user
error_user
visual_user</msg>
<msg time="2024-11-30T17:38:55.982768" level="INFO">Password for all users:
secret_sauce</msg>
<arg>${users}</arg>
<arg>${password}</arg>
<doc>Logs the given messages as separate entries using the INFO level.</doc>
<status status="PASS" start="2024-11-30T17:38:55.982280" elapsed="0.000590"/>
</kw>
<status status="PASS" start="2024-11-30T17:38:55.838804" elapsed="0.144264"/>
</kw>
<kw name="End web test">
<kw name="Close All Browsers" owner="SeleniumLibrary">
<doc>Closes all open browsers and resets the browser cache.</doc>
<status status="PASS" start="2024-11-30T17:38:55.983892" elapsed="6.474963"/>
</kw>
<status status="PASS" start="2024-11-30T17:38:55.983472" elapsed="6.475523"/>
</kw>
<status status="PASS" start="2024-11-30T17:38:53.221428" elapsed="9.237958"/>
</test>
<status status="PASS" start="2024-11-30T17:38:52.909605" elapsed="9.550813"/>
</suite>
<statistics>
<total>
<stat pass="1" fail="0" skip="0">All Tests</stat>
</total>
<tag>
</tag>
<suite>
<stat pass="1" fail="0" skip="0" id="s1" name="Demo Test">Demo Test</stat>
</suite>
</statistics>
<errors>
</errors>
</robot>
