<?xml version="1.0" encoding="UTF-8"?>
<robot generator="Robot 7.1.1 (Python 3.13.0 on win32)" generated="2024-11-23T19:41:48.629759" rpa="false" schemaversion="5">
<suite id="s1" name="Demo Test2" source="C:\development\CourseProject\Tests\Demo_Test2.robot">
<test id="s1-t1" name="TC 001" line="17">
<kw name="Testi baslat" type="SETUP">
<kw name="Open Browser" owner="SeleniumLibrary">
<msg time="2024-11-23T19:41:49.674986" level="INFO">Opening browser 'chrome' to base url 'about:blank'.</msg>
<arg>about:blank</arg>
<arg>chrome</arg>
<doc>Opens a new browser instance to the optional ``url``.</doc>
<status status="PASS" start="2024-11-23T19:41:49.673419" elapsed="6.290402"/>
</kw>
<kw name="Maximize Browser Window" owner="SeleniumLibrary">
<doc>Maximizes current browser window.</doc>
<status status="PASS" start="2024-11-23T19:41:55.964504" elapsed="0.624735"/>
</kw>
<status status="PASS" start="2024-11-23T19:41:49.645480" elapsed="6.944387"/>
</kw>
<kw name="Anasayfaya git">
<kw name="Go To" owner="SeleniumLibrary">
<msg time="2024-11-23T19:41:56.636154" level="INFO">Opening url 'https://automationteststore.com/'</msg>
<arg>${URL}</arg>
<doc>Navigates the current browser window to the provided ``url``.</doc>
<status status="PASS" start="2024-11-23T19:41:56.635204" elapsed="4.614076"/>
</kw>
<arg>${URL}</arg>
<status status="PASS" start="2024-11-23T19:41:56.631665" elapsed="4.617894"/>
</kw>
<kw name="Arama kutusuna kelime gir">
<kw name="Input Text" owner="SeleniumLibrary">
<msg time="2024-11-23T19:42:01.260777" level="INFO">Typing text 'book' into text field 'filter_keyword'.</msg>
<arg>${ARAMA_KUTUSUNUN_YERI}</arg>
<arg>${ARAMA_KELIMESI}</arg>
<doc>Types the given ``text`` into the text field identified by ``locator``.</doc>
<status status="PASS" start="2024-11-23T19:42:01.257228" elapsed="1.301706"/>
</kw>
<arg>${searchbox_locate}</arg>
<arg>${search_term}</arg>
<status status="PASS" start="2024-11-23T19:42:01.256382" elapsed="1.302771"/>
</kw>
<kw name="Arama butonuna tikla">
<kw name="Click Element" owner="SeleniumLibrary">
<msg time="2024-11-23T19:42:02.598513" level="INFO">Clicking element 'css=.fa.fa-search'.</msg>
<arg>${BUTONUN_YERI}</arg>
<doc>Click the element identified by ``locator``.</doc>
<status status="PASS" start="2024-11-23T19:42:02.597015" elapsed="1.845389"/>
</kw>
<arg>${search_button_locate}</arg>
<status status="PASS" start="2024-11-23T19:42:02.596417" elapsed="1.846237"/>
</kw>
<kw name="Sleep" owner="BuiltIn">
<msg time="2024-11-23T19:42:09.449572" level="INFO">Slept 5 seconds.</msg>
<arg>5s</arg>
<doc>Pauses the test executed for the given time.</doc>
<status status="PASS" start="2024-11-23T19:42:04.448250" elapsed="5.001477"/>
</kw>
<kw name="Testi bitir" type="TEARDOWN">
<kw name="Close All Browsers" owner="SeleniumLibrary">
<doc>Closes all open browsers and resets the browser cache.</doc>
<status status="PASS" start="2024-11-23T19:42:09.450742" elapsed="12.552059"/>
</kw>
<status status="PASS" start="2024-11-23T19:42:09.450354" elapsed="12.554012"/>
</kw>
<doc>My searchbox test</doc>
<tag>101</tag>
<tag>functional</tag>
<status status="PASS" start="2024-11-23T19:41:49.643071" elapsed="32.444533"/>
</test>
<status status="PASS" start="2024-11-23T19:41:48.641040" elapsed="33.909483"/>
</suite>
<statistics>
<total>
<stat pass="1" fail="0" skip="0">All Tests</stat>
</total>
<tag>
<stat pass="1" fail="0" skip="0">101</stat>
<stat pass="1" fail="0" skip="0">functional</stat>
</tag>
<suite>
<stat pass="1" fail="0" skip="0" id="s1" name="Demo Test2">Demo Test2</stat>
</suite>
</statistics>
<errors>
</errors>
</robot>
