<?xml version="1.0" encoding="UTF-8"?>
<robot generator="Robot 7.1.1 (Python 3.13.0 on win32)" generated="2024-11-22T19:58:36.031149" rpa="false" schemaversion="5">
<suite id="s1" name="Demo Test2" source="C:\development\CourseProject\Tests\Demo_Test2.robot">
<test id="s1-t1" name="TC 001" line="14">
<kw name="Open Browser" owner="SeleniumLibrary">
<msg time="2024-11-22T19:58:36.863082" level="INFO">Opening browser 'firefox' to base url 'about:blank'.</msg>
<arg>about:blank</arg>
<arg>${BROWSER}</arg>
<doc>Opens a new browser instance to the optional ``url``.</doc>
<status status="PASS" start="2024-11-22T19:58:36.862423" elapsed="13.567512"/>
</kw>
<kw name="Go To" owner="SeleniumLibrary">
<msg time="2024-11-22T19:58:50.511690" level="INFO">Opening url 'https://automationteststore.com/'</msg>
<arg>${URL}</arg>
<doc>Navigates the current browser window to the provided ``url``.</doc>
<status status="PASS" start="2024-11-22T19:58:50.511241" elapsed="3.272870"/>
</kw>
<kw name="Input Text" owner="SeleniumLibrary">
<msg time="2024-11-22T19:58:53.807107" level="INFO">Typing text 'book' into text field 'filter_keyword'.</msg>
<arg>${searchbox_locate}</arg>
<arg>${search_term}</arg>
<doc>Types the given ``text`` into the text field identified by ``locator``.</doc>
<status status="PASS" start="2024-11-22T19:58:53.798454" elapsed="1.039367"/>
</kw>
<kw name="Click Element" owner="SeleniumLibrary">
<msg time="2024-11-22T19:58:54.872278" level="INFO">Clicking element 'css=.fa.fa-search'.</msg>
<arg>${search_button_locate}</arg>
<doc>Click the element identified by ``locator``.</doc>
<status status="PASS" start="2024-11-22T19:58:54.871771" elapsed="0.970121"/>
</kw>
<kw name="Sleep" owner="BuiltIn">
<msg time="2024-11-22T19:59:00.843013" level="INFO">Slept 5 seconds.</msg>
<arg>5s</arg>
<doc>Pauses the test executed for the given time.</doc>
<status status="PASS" start="2024-11-22T19:58:55.842386" elapsed="5.000869"/>
</kw>
<kw name="Close Browser" owner="SeleniumLibrary">
<doc>Closes the current browser.</doc>
<status status="PASS" start="2024-11-22T19:59:00.845502" elapsed="2.821203"/>
</kw>
<doc>My searchbox test</doc>
<tag>101</tag>
<tag>functional</tag>
<status status="PASS" start="2024-11-22T19:58:36.859531" elapsed="26.807805"/>
</test>
<status status="PASS" start="2024-11-22T19:58:36.035031" elapsed="27.633899"/>
</suite>
<statistics>
<total>
<stat pass="1" fail="0" skip="0">All Tests</stat>
</total>
<tag>
<stat pass="1" fail="0" skip="0">101</stat>
<stat pass="1" fail="0" skip="0">functional</stat>
</tag>
<suite>
<stat pass="1" fail="0" skip="0" id="s1" name="Demo Test2">Demo Test2</stat>
</suite>
</statistics>
<errors>
</errors>
</robot>
